==111344== Memcheck, a memory error detector
==111344== Copyright (C) 2002-2022, and GNU GPL'd, by Julian Seward et al.
==111344== Using Valgrind-3.22.0 and LibVEX; rerun with -h for copyright info
==111344== Command: ./cub3D maps/Good/cheese_maze.cub
==111344== Parent PID: 101686
==111344== 
==111344== 
==111344== HEAP SUMMARY:
==111344==     in use at exit: 299,918 bytes in 3,306 blocks
==111344==   total heap usage: 191,877 allocs, 188,571 frees, 254,843,908 bytes allocated
==111344== 
==111344== 112 (56 direct, 56 indirect) bytes in 1 blocks are definitely lost in loss record 2,505 of 2,538
==111344==    at 0x484D953: calloc (in /usr/libexec/valgrind/vgpreload_memcheck-amd64-linux.so)
==111344==    by 0x660BF7D: ???
==111344==    by 0x60A9C23: ???
==111344==    by 0x6092560: ???
==111344==    by 0x6092747: ???
==111344==    by 0x603F79E: ???
==111344==    by 0x6042551: ???
==111344==    by 0x603D054: ???
==111344==    by 0x5FE402F: ???
==111344==    by 0x6026C4B: ???
==111344==    by 0x60226D7: ???
==111344==    by 0x5FB35F2: ???
==111344== 
==111344== LEAK SUMMARY:
==111344==    definitely lost: 56 bytes in 1 blocks
==111344==    indirectly lost: 56 bytes in 1 blocks
==111344==      possibly lost: 0 bytes in 0 blocks
==111344==    still reachable: 299,806 bytes in 3,304 blocks
==111344==         suppressed: 0 bytes in 0 blocks
==111344== Reachable blocks (those to which a pointer was found) are not shown.
==111344== To see them, rerun with: --leak-check=full --show-leak-kinds=all
==111344== 
==111344== For lists of detected and suppressed errors, rerun with: -s
==111344== ERROR SUMMARY: 1 errors from 1 contexts (suppressed: 0 from 0)
